-------------------------------------------------------------------------------
Test set: br.curso.poo.springBoot.AppTest
-------------------------------------------------------------------------------
Tests run: 1, Failures: 1, Errors: 0, Skipped: 0, Time elapsed: 0.1 s <<< FAILURE! - in br.curso.poo.springBoot.AppTest
shouldAnswerWithTrue(br.curso.poo.springBoot.AppTest)  Time elapsed: 0.01 s  <<< FAILURE!
java.lang.AssertionError
	at br.curso.poo.springBoot.AppTest.shouldAnswerWithTrue(AppTest.java:18)

